<?xml version="1.0" encoding="UTF-8"?>
<!-- Generated by org.testng.reporters.JUnitXMLReporter -->
<testsuite ignored="4" hostname="SARAS-CNB01" failures="0" tests="1" name="Default test" time="3.504" errors="0" timestamp="2023-07-18T18:15:33 PDT">
  <testcase classname="api.test.E2ETestScripts" name="fetchEmployeeDataById" time="2.669"/>
  <testcase classname="api.test.E2ETestScripts" name="getEmployeeData" time="0.0">
    <ignored/>
  </testcase> <!-- getEmployeeData -->
  <testcase classname="api.test.E2ETestScripts" name="createEmployeeData" time="0.0">
    <ignored/>
  </testcase> <!-- createEmployeeData -->
  <testcase classname="api.test.E2ETestScripts" name="deleteEmployeeDataByGivenId" time="0.0">
    <ignored/>
  </testcase> <!-- deleteEmployeeDataByGivenId -->
  <testcase classname="api.test.E2ETestScripts" name="deleteEmployeeDataById" time="0.0">
    <ignored/>
  </testcase> <!-- deleteEmployeeDataById -->
</testsuite> <!-- Default test -->
