<?xml version="1.0" encoding="UTF-8"?>
<testng-results ignored="4" total="5" passed="1" failed="0" skipped="0">
  <reporter-output>
  </reporter-output>
  <suite started-at="2023-07-18T18:15:30 PDT" name="Default suite" finished-at="2023-07-18T18:15:33 PDT" duration-ms="3504">
    <groups>
    </groups>
    <test started-at="2023-07-18T18:15:30 PDT" name="Default test" finished-at="2023-07-18T18:15:33 PDT" duration-ms="3504">
      <class name="api.test.E2ETestScripts">
        <test-method is-config="true" signature="init()[pri:0, instance:api.test.E2ETestScripts@76a36b71]" started-at="2023-07-18T18:15:30 PDT" name="init" finished-at="2023-07-18T18:15:31 PDT" duration-ms="776" status="PASS">
          <reporter-output>
          </reporter-output>
        </test-method> <!-- init -->
        <test-method signature="fetchEmployeeDataById()[pri:0, instance:api.test.E2ETestScripts@76a36b71]" started-at="2023-07-18T18:15:31 PDT" name="fetchEmployeeDataById" finished-at="2023-07-18T18:15:33 PDT" duration-ms="2669" status="PASS">
          <reporter-output>
          </reporter-output>
        </test-method> <!-- fetchEmployeeDataById -->
      </class> <!-- api.test.E2ETestScripts -->
    </test> <!-- Default test -->
  </suite> <!-- Default suite -->
</testng-results>
